<?xml version="1.0" encoding="UTF-8"?>
<testng-results skipped="0" failed="0" ignored="0" total="3" passed="3">
  <reporter-output>
  </reporter-output>
  <suite name="Default suite" duration-ms="22557" started-at="2022-08-27T13:26:23 IST" finished-at="2022-08-27T13:26:45 IST">
    <groups>
    </groups>
    <test name="Default test" duration-ms="22557" started-at="2022-08-27T13:26:23 IST" finished-at="2022-08-27T13:26:45 IST">
      <class name="testScripts.RegisterTest">
        <test-method status="PASS" signature="setUpBrowser(java.lang.String)[pri:0, instance:testScripts.RegisterTest@fad74ee]" name="setUpBrowser" is-config="true" duration-ms="11335" started-at="2022-08-27T13:26:23 IST" finished-at="2022-08-27T13:26:34 IST">
          <params>
            <param index="0">
              <value>
                <![CDATA[chrome]]>
              </value>
            </param>
          </params>
          <reporter-output>
          </reporter-output>
        </test-method> <!-- setUpBrowser -->
        <test-method status="PASS" signature="registerTestCase(java.lang.String,java.lang.String,java.lang.String,java.lang.String,java.lang.String)[pri:0, instance:testScripts.RegisterTest@fad74ee]" name="registerTestCase" duration-ms="2272" started-at="2022-08-27T13:26:38 IST" data-provider="Register" finished-at="2022-08-27T13:26:40 IST">
          <params>
            <param index="0">
              <value>
                <![CDATA[Female]]>
              </value>
            </param>
            <param index="1">
              <value>
                <![CDATA[Vyshale]]>
              </value>
            </param>
            <param index="2">
              <value>
                <![CDATA[Vyshale]]>
              </value>
            </param>
            <param index="3">
              <value>
                <![CDATA[vyshale@gmail.com]]>
              </value>
            </param>
            <param index="4">
              <value>
                <![CDATA[ajay]]>
              </value>
            </param>
          </params>
          <reporter-output>
          </reporter-output>
        </test-method> <!-- registerTestCase -->
        <test-method status="PASS" signature="registerTestCase(java.lang.String,java.lang.String,java.lang.String,java.lang.String,java.lang.String)[pri:0, instance:testScripts.RegisterTest@fad74ee]" name="registerTestCase" duration-ms="2228" started-at="2022-08-27T13:26:40 IST" data-provider="Register" finished-at="2022-08-27T13:26:43 IST">
          <params>
            <param index="0">
              <value>
                <![CDATA[Male]]>
              </value>
            </param>
            <param index="1">
              <value>
                <![CDATA[Sharoon]]>
              </value>
            </param>
            <param index="2">
              <value>
                <![CDATA[rozario]]>
              </value>
            </param>
            <param index="3">
              <value>
                <![CDATA[sharoon@gmail.com]]>
              </value>
            </param>
            <param index="4">
              <value>
                <![CDATA[decide]]>
              </value>
            </param>
          </params>
          <reporter-output>
          </reporter-output>
        </test-method> <!-- registerTestCase -->
        <test-method status="PASS" signature="registerTestCase(java.lang.String,java.lang.String,java.lang.String,java.lang.String,java.lang.String)[pri:0, instance:testScripts.RegisterTest@fad74ee]" name="registerTestCase" duration-ms="2063" started-at="2022-08-27T13:26:43 IST" data-provider="Register" finished-at="2022-08-27T13:26:45 IST">
          <params>
            <param index="0">
              <value>
                <![CDATA[Female]]>
              </value>
            </param>
            <param index="1">
              <value>
                <![CDATA[Aishwarya]]>
              </value>
            </param>
            <param index="2">
              <value>
                <![CDATA[BK]]>
              </value>
            </param>
            <param index="3">
              <value>
                <![CDATA[bittikoolu@gmail.com]]>
              </value>
            </param>
            <param index="4">
              <value>
                <![CDATA[ManualTesting]]>
              </value>
            </param>
          </params>
          <reporter-output>
          </reporter-output>
        </test-method> <!-- registerTestCase -->
        <test-method status="PASS" signature="browserTearDown()[pri:0, instance:testScripts.RegisterTest@fad74ee]" name="browserTearDown" is-config="true" duration-ms="816" started-at="2022-08-27T13:26:45 IST" finished-at="2022-08-27T13:26:45 IST">
          <reporter-output>
          </reporter-output>
        </test-method> <!-- browserTearDown -->
      </class> <!-- testScripts.RegisterTest -->
    </test> <!-- Default test -->
  </suite> <!-- Default suite -->
</testng-results>
