<?xml version="1.0" encoding="UTF-8"?>
<!-- Generated by org.testng.reporters.JUnitXMLReporter -->
<testsuite hostname="LAPTOP-JMAJ0GNO" ignored="0" name="Default test" tests="3" failures="0" timestamp="2022-08-27T13:26:46 IST" time="22.557" errors="0">
  <testcase name="registerTestCase" time="2.272" classname="testScripts.RegisterTest"/>
  <testcase name="registerTestCase" time="2.228" classname="testScripts.RegisterTest"/>
  <testcase name="registerTestCase" time="2.063" classname="testScripts.RegisterTest"/>
</testsuite> <!-- Default test -->
